<?xml version="1.0" encoding="UTF-8"?>
<persistence version="2.0"
             xmlns="http://java.sun.com/xml/ns/persistence" xmlns:xsi="http://www.w3.org/2001/XMLSchema-instance"
             xsi:schemaLocation="http://java.sun.com/xml/ns/persistence http://java.sun.com/xml/ns/persistence/persistence_2_0.xsd">

    <persistence-unit name="ru.bpc.svat.mobilebank">
        <jta-data-source>jdbc/svat/mobilebank</jta-data-source>
        <exclude-unlisted-classes>false</exclude-unlisted-classes>
        <shared-cache-mode>NONE</shared-cache-mode>

        <properties>
            <property name="eclipselink.logging.logger" value="JavaLogger" />
            <property name="eclipselink.logging.level" value="FINEST" />
            <property name="eclipselink.logging.level.sql" value="FINE"/>
            <property name="eclipselink.logging.parameters" value="true"/>
            <property name="eclipselink.jdbc.native-sql" value="true"/>
            <property name="eclipselink.jdbc.batch-writing" value="JDBC"/>
            <property name="eclipselink.jdbc.batch-writing.size" value="500" />
            <property name="eclipselink.jpql.validation" value="JPA 2.0"/>
            <property name="eclipselink.deploy-on-startup" value="true"/>
        </properties>
    </persistence-unit>
</persistence>